五月 25, 2020 11:29:37 上午 org.apache.catalina.core.AprLifecycleListener init
信息: The APR based Apache Tomcat Native library which allows optimal performance in production environments was not found on the java.library.path: C:\docsys\tomcat\java\jre1.8.0_162\bin;C:\WINDOWS\Sun\Java\bin;C:\WINDOWS\system32;C:\WINDOWS;C:\Program Files (x86)\Common Files\Oracle\Java\javapath;C:\WINDOWS\system32;C:\WINDOWS;C:\WINDOWS\System32\Wbem;C:\WINDOWS\System32\WindowsPowerShell\v1.0\;C:\Program Files (x86)\SafeCom\SafeComPrintClient;C:\WINDOWS\System32\OpenSSH\;C:\Program Files (x86)\Webex\Webex\Applications;C:\Program Files (x86)\Sennheiser\SoftphoneSDK\;C:\Program Files\PuTTY\;C:\Program Files\Git\cmd;C:\Program Files\TortoiseGit\bin;C:\Program Files\nodejs\;C:\Users\ragao\AppData\Local\Microsoft\WindowsApps;C:\Users\ragao\AppData\Local\Programs\Microsoft VS Code\bin;C:\Program Files\erl10.3\bin;C:\Program Files\RabbitMQ Server\rabbitmq_server-3.7.14\sbin;C:\Users\ragao\AppData\Roaming\npm;.
五月 25, 2020 11:29:37 上午 org.apache.coyote.AbstractProtocol init
信息: Initializing ProtocolHandler ["http-bio-8100"]
五月 25, 2020 11:29:37 上午 org.apache.coyote.AbstractProtocol init
信息: Initializing ProtocolHandler ["ajp-bio-8029"]
五月 25, 2020 11:29:37 上午 org.apache.catalina.startup.Catalina load
信息: Initialization processed in 976 ms
五月 25, 2020 11:29:37 上午 org.apache.catalina.core.StandardService startInternal
信息: Starting service Catalina
五月 25, 2020 11:29:37 上午 org.apache.catalina.core.StandardEngine startInternal
信息: Starting Servlet Engine: Apache Tomcat/7.0.56
五月 25, 2020 11:29:37 上午 org.apache.catalina.startup.HostConfig deployWAR
信息: Deploying web application archive C:\docsys\tomcat\webapps\DocSystem.war
五月 25, 2020 11:29:38 上午 org.apache.catalina.loader.WebappClassLoader validateJarFile
信息: validateJarFile(C:\docsys\tomcat\webapps\DocSystem\WEB-INF\lib\servlet-api-3.0-alpha-1.jar) - jar not loaded. See Servlet Spec 3.0, section 10.7.2. Offending class: javax/servlet/Servlet.class
五月 25, 2020 11:29:40 上午 org.apache.catalina.startup.ContextConfig processAnnotationsJar
严重: Unable to process Jar entry [module-info.class] from Jar [jar:file:/C:/docsys/tomcat/webapps/DocSystem/WEB-INF/lib/jaxb-api-2.3.0.jar!/] for annotations
org.apache.tomcat.util.bcel.classfile.ClassFormatException: Invalid byte tag in constant pool: 19
	at org.apache.tomcat.util.bcel.classfile.Constant.readConstant(Constant.java:97)
	at org.apache.tomcat.util.bcel.classfile.ConstantPool.<init>(ConstantPool.java:55)
	at org.apache.tomcat.util.bcel.classfile.ClassParser.readConstantPool(ClassParser.java:175)
	at org.apache.tomcat.util.bcel.classfile.ClassParser.parse(ClassParser.java:83)
	at org.apache.catalina.startup.ContextConfig.processAnnotationsStream(ContextConfig.java:2071)
	at org.apache.catalina.startup.ContextConfig.processAnnotationsJar(ContextConfig.java:1947)
	at org.apache.catalina.startup.ContextConfig.processAnnotationsUrl(ContextConfig.java:1913)
	at org.apache.catalina.startup.ContextConfig.processAnnotations(ContextConfig.java:1898)
	at org.apache.catalina.startup.ContextConfig.webConfig(ContextConfig.java:1330)
	at org.apache.catalina.startup.ContextConfig.configureStart(ContextConfig.java:889)
	at org.apache.catalina.startup.ContextConfig.lifecycleEvent(ContextConfig.java:386)
	at org.apache.catalina.util.LifecycleSupport.fireLifecycleEvent(LifecycleSupport.java:117)
	at org.apache.catalina.util.LifecycleBase.fireLifecycleEvent(LifecycleBase.java:90)
	at org.apache.catalina.core.StandardContext.startInternal(StandardContext.java:5380)
	at org.apache.catalina.util.LifecycleBase.start(LifecycleBase.java:150)
	at org.apache.catalina.core.ContainerBase.addChildInternal(ContainerBase.java:901)
	at org.apache.catalina.core.ContainerBase.addChild(ContainerBase.java:877)
	at org.apache.catalina.core.StandardHost.addChild(StandardHost.java:649)
	at org.apache.catalina.startup.HostConfig.deployWAR(HostConfig.java:1083)
	at org.apache.catalina.startup.HostConfig$DeployWar.run(HostConfig.java:1879)
	at java.util.concurrent.Executors$RunnableAdapter.call(Unknown Source)
	at java.util.concurrent.FutureTask.run(Unknown Source)
	at java.util.concurrent.ThreadPoolExecutor.runWorker(Unknown Source)
	at java.util.concurrent.ThreadPoolExecutor$Worker.run(Unknown Source)
	at java.lang.Thread.run(Unknown Source)

五月 25, 2020 11:29:59 上午 org.apache.catalina.startup.HostConfig deployWAR
信息: Deployment of web application archive C:\docsys\tomcat\webapps\DocSystem.war has finished in 21,248 ms
五月 25, 2020 11:29:59 上午 org.apache.catalina.startup.HostConfig deployDirectory
信息: Deploying web application directory C:\docsys\tomcat\webapps\docSys.ini
五月 25, 2020 11:29:59 上午 org.apache.catalina.startup.HostConfig deployDirectory
信息: Deployment of web application directory C:\docsys\tomcat\webapps\docSys.ini has finished in 72 ms
五月 25, 2020 11:29:59 上午 org.apache.coyote.AbstractProtocol start
信息: Starting ProtocolHandler ["http-bio-8100"]
五月 25, 2020 11:29:59 上午 org.apache.coyote.AbstractProtocol start
信息: Starting ProtocolHandler ["ajp-bio-8029"]
五月 25, 2020 11:29:59 上午 org.apache.catalina.startup.Catalina start
信息: Server startup in 21427 ms
五月 25, 2020 5:28:55 下午 org.apache.catalina.core.AprLifecycleListener init
信息: The APR based Apache Tomcat Native library which allows optimal performance in production environments was not found on the java.library.path: C:\docsys\tomcat\java\jre1.8.0_162\bin;C:\WINDOWS\Sun\Java\bin;C:\WINDOWS\system32;C:\WINDOWS;C:\Program Files (x86)\Common Files\Oracle\Java\javapath;C:\WINDOWS\system32;C:\WINDOWS;C:\WINDOWS\System32\Wbem;C:\WINDOWS\System32\WindowsPowerShell\v1.0\;C:\Program Files (x86)\SafeCom\SafeComPrintClient;C:\WINDOWS\System32\OpenSSH\;C:\Program Files (x86)\Webex\Webex\Applications;C:\Program Files (x86)\Sennheiser\SoftphoneSDK\;C:\Program Files\PuTTY\;C:\Program Files\Git\cmd;C:\Program Files\TortoiseGit\bin;C:\Program Files\nodejs\;C:\Users\ragao\AppData\Local\Microsoft\WindowsApps;C:\Users\ragao\AppData\Local\Programs\Microsoft VS Code\bin;C:\Program Files\erl10.3\bin;C:\Program Files\RabbitMQ Server\rabbitmq_server-3.7.14\sbin;C:\Users\ragao\AppData\Roaming\npm;.
五月 25, 2020 5:28:56 下午 org.apache.coyote.AbstractProtocol init
信息: Initializing ProtocolHandler ["http-bio-8100"]
五月 25, 2020 5:28:56 下午 org.apache.coyote.AbstractProtocol init
信息: Initializing ProtocolHandler ["ajp-bio-8029"]
五月 25, 2020 5:28:56 下午 org.apache.catalina.startup.Catalina load
信息: Initialization processed in 1595 ms
五月 25, 2020 5:28:56 下午 org.apache.catalina.core.StandardService startInternal
信息: Starting service Catalina
五月 25, 2020 5:28:56 下午 org.apache.catalina.core.StandardEngine startInternal
信息: Starting Servlet Engine: Apache Tomcat/7.0.56
五月 25, 2020 5:28:56 下午 org.apache.catalina.startup.HostConfig deployWAR
信息: Deploying web application archive C:\docsys\tomcat\webapps\DocSystem.war
五月 25, 2020 5:28:57 下午 org.apache.catalina.loader.WebappClassLoader validateJarFile
信息: validateJarFile(C:\docsys\tomcat\webapps\DocSystem\WEB-INF\lib\servlet-api-3.0-alpha-1.jar) - jar not loaded. See Servlet Spec 3.0, section 10.7.2. Offending class: javax/servlet/Servlet.class
五月 25, 2020 5:29:01 下午 org.apache.catalina.startup.ContextConfig processAnnotationsJar
严重: Unable to process Jar entry [module-info.class] from Jar [jar:file:/C:/docsys/tomcat/webapps/DocSystem/WEB-INF/lib/jaxb-api-2.3.0.jar!/] for annotations
org.apache.tomcat.util.bcel.classfile.ClassFormatException: Invalid byte tag in constant pool: 19
	at org.apache.tomcat.util.bcel.classfile.Constant.readConstant(Constant.java:97)
	at org.apache.tomcat.util.bcel.classfile.ConstantPool.<init>(ConstantPool.java:55)
	at org.apache.tomcat.util.bcel.classfile.ClassParser.readConstantPool(ClassParser.java:175)
	at org.apache.tomcat.util.bcel.classfile.ClassParser.parse(ClassParser.java:83)
	at org.apache.catalina.startup.ContextConfig.processAnnotationsStream(ContextConfig.java:2071)
	at org.apache.catalina.startup.ContextConfig.processAnnotationsJar(ContextConfig.java:1947)
	at org.apache.catalina.startup.ContextConfig.processAnnotationsUrl(ContextConfig.java:1913)
	at org.apache.catalina.startup.ContextConfig.processAnnotations(ContextConfig.java:1898)
	at org.apache.catalina.startup.ContextConfig.webConfig(ContextConfig.java:1330)
	at org.apache.catalina.startup.ContextConfig.configureStart(ContextConfig.java:889)
	at org.apache.catalina.startup.ContextConfig.lifecycleEvent(ContextConfig.java:386)
	at org.apache.catalina.util.LifecycleSupport.fireLifecycleEvent(LifecycleSupport.java:117)
	at org.apache.catalina.util.LifecycleBase.fireLifecycleEvent(LifecycleBase.java:90)
	at org.apache.catalina.core.StandardContext.startInternal(StandardContext.java:5380)
	at org.apache.catalina.util.LifecycleBase.start(LifecycleBase.java:150)
	at org.apache.catalina.core.ContainerBase.addChildInternal(ContainerBase.java:901)
	at org.apache.catalina.core.ContainerBase.addChild(ContainerBase.java:877)
	at org.apache.catalina.core.StandardHost.addChild(StandardHost.java:649)
	at org.apache.catalina.startup.HostConfig.deployWAR(HostConfig.java:1083)
	at org.apache.catalina.startup.HostConfig$DeployWar.run(HostConfig.java:1879)
	at java.util.concurrent.Executors$RunnableAdapter.call(Unknown Source)
	at java.util.concurrent.FutureTask.run(Unknown Source)
	at java.util.concurrent.ThreadPoolExecutor.runWorker(Unknown Source)
	at java.util.concurrent.ThreadPoolExecutor$Worker.run(Unknown Source)
	at java.lang.Thread.run(Unknown Source)

五月 25, 2020 5:29:33 下午 org.apache.catalina.startup.HostConfig deployWAR
信息: Deployment of web application archive C:\docsys\tomcat\webapps\DocSystem.war has finished in 37,589 ms
五月 25, 2020 5:29:34 下午 org.apache.catalina.startup.HostConfig deployDirectory
信息: Deploying web application directory C:\docsys\tomcat\webapps\docSys.ini
五月 25, 2020 5:29:34 下午 org.apache.catalina.startup.HostConfig deployDirectory
信息: Deployment of web application directory C:\docsys\tomcat\webapps\docSys.ini has finished in 147 ms
五月 25, 2020 5:29:34 下午 org.apache.coyote.AbstractProtocol start
信息: Starting ProtocolHandler ["http-bio-8100"]
五月 25, 2020 5:29:34 下午 org.apache.coyote.AbstractProtocol start
信息: Starting ProtocolHandler ["ajp-bio-8029"]
五月 25, 2020 5:29:34 下午 org.apache.catalina.startup.Catalina start
信息: Server startup in 38631 ms
