二月 26, 2021 11:33:29 下午 org.apache.catalina.startup.Catalina stopServer
严重: Could not contact localhost:8035. Tomcat may not be running.
二月 26, 2021 11:33:29 下午 org.apache.catalina.startup.Catalina stopServer
严重: Catalina.stop: 
java.net.ConnectException: Connection refused: connect
	at java.net.DualStackPlainSocketImpl.connect0(Native Method)
	at java.net.DualStackPlainSocketImpl.socketConnect(Unknown Source)
	at java.net.AbstractPlainSocketImpl.doConnect(Unknown Source)
	at java.net.AbstractPlainSocketImpl.connectToAddress(Unknown Source)
	at java.net.AbstractPlainSocketImpl.connect(Unknown Source)
	at java.net.PlainSocketImpl.connect(Unknown Source)
	at java.net.SocksSocketImpl.connect(Unknown Source)
	at java.net.Socket.connect(Unknown Source)
	at java.net.Socket.connect(Unknown Source)
	at java.net.Socket.<init>(Unknown Source)
	at java.net.Socket.<init>(Unknown Source)
	at org.apache.catalina.startup.Catalina.stopServer(Catalina.java:498)
	at sun.reflect.NativeMethodAccessorImpl.invoke0(Native Method)
	at sun.reflect.NativeMethodAccessorImpl.invoke(Unknown Source)
	at sun.reflect.DelegatingMethodAccessorImpl.invoke(Unknown Source)
	at java.lang.reflect.Method.invoke(Unknown Source)
	at org.apache.catalina.startup.Bootstrap.stopServer(Bootstrap.java:370)
	at org.apache.catalina.startup.Bootstrap.main(Bootstrap.java:457)

二月 26, 2021 11:33:40 下午 org.apache.catalina.core.AprLifecycleListener init
信息: The APR based Apache Tomcat Native library which allows optimal performance in production environments was not found on the java.library.path: C:\docsysRel\docsys\tomcat\java\jre1.8.0_162\bin;C:\WINDOWS\Sun\Java\bin;C:\WINDOWS\system32;C:\WINDOWS;C:\Program Files (x86)\Common Files\Oracle\Java\javapath;C:\WINDOWS\system32;C:\WINDOWS;C:\WINDOWS\System32\Wbem;C:\WINDOWS\System32\WindowsPowerShell\v1.0\;C:\Program Files (x86)\SafeCom\SafeComPrintClient;C:\WINDOWS\System32\OpenSSH\;C:\Program Files (x86)\Webex\Webex\Applications;C:\Program Files\PuTTY\;C:\Program Files\Git\cmd;C:\Program Files\TortoiseGit\bin;%MAVEN_HOME%\bin\;C:\Program Files (x86)\Sennheiser\SenncomSDK\;C:\Users\ragao\AppData\Local\Microsoft\WindowsApps;C:\Users\ragao\AppData\Local\Programs\Microsoft VS Code\bin;C:\Program Files\erl10.3\bin;C:\Program Files\RabbitMQ Server\rabbitmq_server-3.7.14\sbin;C:\Python27;;.
二月 26, 2021 11:33:41 下午 org.apache.coyote.AbstractProtocol init
信息: Initializing ProtocolHandler ["http-bio-8100"]
二月 26, 2021 11:33:41 下午 org.apache.coyote.AbstractProtocol init
信息: Initializing ProtocolHandler ["ajp-bio-8029"]
二月 26, 2021 11:33:41 下午 org.apache.catalina.startup.Catalina load
信息: Initialization processed in 1102 ms
二月 26, 2021 11:33:41 下午 org.apache.catalina.core.StandardService startInternal
信息: Starting service Catalina
二月 26, 2021 11:33:41 下午 org.apache.catalina.core.StandardEngine startInternal
信息: Starting Servlet Engine: Apache Tomcat/7.0.56
二月 26, 2021 11:33:41 下午 org.apache.catalina.startup.HostConfig deployDirectory
信息: Deploying web application directory C:\docsysRel\docsys\tomcat\webapps\docSys.ini
二月 26, 2021 11:33:42 下午 org.apache.catalina.util.SessionIdGenerator createSecureRandom
信息: Creation of SecureRandom instance for session ID generation using [SHA1PRNG] took [510] milliseconds.
二月 26, 2021 11:33:42 下午 org.apache.catalina.startup.HostConfig deployDirectory
信息: Deployment of web application directory C:\docsysRel\docsys\tomcat\webapps\docSys.ini has finished in 983 ms
二月 26, 2021 11:33:42 下午 org.apache.catalina.startup.HostConfig deployDirectory
信息: Deploying web application directory C:\docsysRel\docsys\tomcat\webapps\DocSystem
二月 26, 2021 11:33:42 下午 org.apache.catalina.loader.WebappClassLoader validateJarFile
信息: validateJarFile(C:\docsysRel\docsys\tomcat\webapps\DocSystem\WEB-INF\lib\servlet-api-3.0-alpha-1.jar) - jar not loaded. See Servlet Spec 3.0, section 10.7.2. Offending class: javax/servlet/Servlet.class
二月 26, 2021 11:33:44 下午 org.apache.catalina.startup.ContextConfig processAnnotationsJar
严重: Unable to process Jar entry [module-info.class] from Jar [jar:file:/C:/docsysRel/docsys/tomcat/webapps/DocSystem/WEB-INF/lib/jaxb-api-2.3.0.jar!/] for annotations
org.apache.tomcat.util.bcel.classfile.ClassFormatException: Invalid byte tag in constant pool: 19
	at org.apache.tomcat.util.bcel.classfile.Constant.readConstant(Constant.java:97)
	at org.apache.tomcat.util.bcel.classfile.ConstantPool.<init>(ConstantPool.java:55)
	at org.apache.tomcat.util.bcel.classfile.ClassParser.readConstantPool(ClassParser.java:175)
	at org.apache.tomcat.util.bcel.classfile.ClassParser.parse(ClassParser.java:83)
	at org.apache.catalina.startup.ContextConfig.processAnnotationsStream(ContextConfig.java:2071)
	at org.apache.catalina.startup.ContextConfig.processAnnotationsJar(ContextConfig.java:1947)
	at org.apache.catalina.startup.ContextConfig.processAnnotationsUrl(ContextConfig.java:1913)
	at org.apache.catalina.startup.ContextConfig.processAnnotations(ContextConfig.java:1898)
	at org.apache.catalina.startup.ContextConfig.webConfig(ContextConfig.java:1330)
	at org.apache.catalina.startup.ContextConfig.configureStart(ContextConfig.java:889)
	at org.apache.catalina.startup.ContextConfig.lifecycleEvent(ContextConfig.java:386)
	at org.apache.catalina.util.LifecycleSupport.fireLifecycleEvent(LifecycleSupport.java:117)
	at org.apache.catalina.util.LifecycleBase.fireLifecycleEvent(LifecycleBase.java:90)
	at org.apache.catalina.core.StandardContext.startInternal(StandardContext.java:5380)
	at org.apache.catalina.util.LifecycleBase.start(LifecycleBase.java:150)
	at org.apache.catalina.core.ContainerBase.addChildInternal(ContainerBase.java:901)
	at org.apache.catalina.core.ContainerBase.addChild(ContainerBase.java:877)
	at org.apache.catalina.core.StandardHost.addChild(StandardHost.java:649)
	at org.apache.catalina.startup.HostConfig.deployDirectory(HostConfig.java:1247)
	at org.apache.catalina.startup.HostConfig$DeployDirectory.run(HostConfig.java:1897)
	at java.util.concurrent.Executors$RunnableAdapter.call(Unknown Source)
	at java.util.concurrent.FutureTask.run(Unknown Source)
	at java.util.concurrent.ThreadPoolExecutor.runWorker(Unknown Source)
	at java.util.concurrent.ThreadPoolExecutor$Worker.run(Unknown Source)
	at java.lang.Thread.run(Unknown Source)

二月 26, 2021 11:33:58 下午 org.apache.catalina.startup.HostConfig deployDirectory
信息: Deployment of web application directory C:\docsysRel\docsys\tomcat\webapps\DocSystem has finished in 16,216 ms
二月 26, 2021 11:33:58 下午 org.apache.coyote.AbstractProtocol start
信息: Starting ProtocolHandler ["http-bio-8100"]
二月 26, 2021 11:33:58 下午 org.apache.coyote.AbstractProtocol start
信息: Starting ProtocolHandler ["ajp-bio-8029"]
二月 26, 2021 11:33:58 下午 org.apache.catalina.startup.Catalina start
信息: Server startup in 17310 ms
二月 26, 2021 11:35:29 下午 org.apache.catalina.startup.Catalina stopServer
严重: Could not contact localhost:8035. Tomcat may not be running.
二月 26, 2021 11:35:29 下午 org.apache.catalina.startup.Catalina stopServer
严重: Catalina.stop: 
java.net.ConnectException: Connection refused: connect
	at java.net.DualStackPlainSocketImpl.connect0(Native Method)
	at java.net.DualStackPlainSocketImpl.socketConnect(Unknown Source)
	at java.net.AbstractPlainSocketImpl.doConnect(Unknown Source)
	at java.net.AbstractPlainSocketImpl.connectToAddress(Unknown Source)
	at java.net.AbstractPlainSocketImpl.connect(Unknown Source)
	at java.net.PlainSocketImpl.connect(Unknown Source)
	at java.net.SocksSocketImpl.connect(Unknown Source)
	at java.net.Socket.connect(Unknown Source)
	at java.net.Socket.connect(Unknown Source)
	at java.net.Socket.<init>(Unknown Source)
	at java.net.Socket.<init>(Unknown Source)
	at org.apache.catalina.startup.Catalina.stopServer(Catalina.java:498)
	at sun.reflect.NativeMethodAccessorImpl.invoke0(Native Method)
	at sun.reflect.NativeMethodAccessorImpl.invoke(Unknown Source)
	at sun.reflect.DelegatingMethodAccessorImpl.invoke(Unknown Source)
	at java.lang.reflect.Method.invoke(Unknown Source)
	at org.apache.catalina.startup.Bootstrap.stopServer(Bootstrap.java:370)
	at org.apache.catalina.startup.Bootstrap.main(Bootstrap.java:457)

二月 26, 2021 11:35:37 下午 org.apache.catalina.startup.Catalina stopServer
严重: Could not contact localhost:8035. Tomcat may not be running.
二月 26, 2021 11:35:37 下午 org.apache.catalina.startup.Catalina stopServer
严重: Catalina.stop: 
java.net.ConnectException: Connection refused: connect
	at java.net.DualStackPlainSocketImpl.connect0(Native Method)
	at java.net.DualStackPlainSocketImpl.socketConnect(Unknown Source)
	at java.net.AbstractPlainSocketImpl.doConnect(Unknown Source)
	at java.net.AbstractPlainSocketImpl.connectToAddress(Unknown Source)
	at java.net.AbstractPlainSocketImpl.connect(Unknown Source)
	at java.net.PlainSocketImpl.connect(Unknown Source)
	at java.net.SocksSocketImpl.connect(Unknown Source)
	at java.net.Socket.connect(Unknown Source)
	at java.net.Socket.connect(Unknown Source)
	at java.net.Socket.<init>(Unknown Source)
	at java.net.Socket.<init>(Unknown Source)
	at org.apache.catalina.startup.Catalina.stopServer(Catalina.java:498)
	at sun.reflect.NativeMethodAccessorImpl.invoke0(Native Method)
	at sun.reflect.NativeMethodAccessorImpl.invoke(Unknown Source)
	at sun.reflect.DelegatingMethodAccessorImpl.invoke(Unknown Source)
	at java.lang.reflect.Method.invoke(Unknown Source)
	at org.apache.catalina.startup.Bootstrap.stopServer(Bootstrap.java:370)
	at org.apache.catalina.startup.Bootstrap.main(Bootstrap.java:457)

二月 26, 2021 11:37:11 下午 org.apache.catalina.core.AprLifecycleListener init
信息: The APR based Apache Tomcat Native library which allows optimal performance in production environments was not found on the java.library.path: C:\docsysRel\docsys\tomcat\java\jre1.8.0_162\bin;C:\WINDOWS\Sun\Java\bin;C:\WINDOWS\system32;C:\WINDOWS;C:\Program Files (x86)\Common Files\Oracle\Java\javapath;C:\WINDOWS\system32;C:\WINDOWS;C:\WINDOWS\System32\Wbem;C:\WINDOWS\System32\WindowsPowerShell\v1.0\;C:\Program Files (x86)\SafeCom\SafeComPrintClient;C:\WINDOWS\System32\OpenSSH\;C:\Program Files (x86)\Webex\Webex\Applications;C:\Program Files\PuTTY\;C:\Program Files\Git\cmd;C:\Program Files\TortoiseGit\bin;%MAVEN_HOME%\bin\;C:\Program Files (x86)\Sennheiser\SenncomSDK\;C:\Users\ragao\AppData\Local\Microsoft\WindowsApps;C:\Users\ragao\AppData\Local\Programs\Microsoft VS Code\bin;C:\Program Files\erl10.3\bin;C:\Program Files\RabbitMQ Server\rabbitmq_server-3.7.14\sbin;C:\Python27;;.
二月 26, 2021 11:37:12 下午 org.apache.coyote.AbstractProtocol init
信息: Initializing ProtocolHandler ["http-bio-8100"]
二月 26, 2021 11:37:12 下午 org.apache.coyote.AbstractProtocol init
信息: Initializing ProtocolHandler ["ajp-bio-8029"]
二月 26, 2021 11:37:12 下午 org.apache.catalina.startup.Catalina load
信息: Initialization processed in 1030 ms
二月 26, 2021 11:37:12 下午 org.apache.catalina.core.StandardService startInternal
信息: Starting service Catalina
二月 26, 2021 11:37:12 下午 org.apache.catalina.core.StandardEngine startInternal
信息: Starting Servlet Engine: Apache Tomcat/7.0.56
二月 26, 2021 11:37:12 下午 org.apache.catalina.startup.HostConfig deployDirectory
信息: Deploying web application directory C:\docsysRel\docsys\tomcat\webapps\docSys.ini
二月 26, 2021 11:37:13 下午 org.apache.catalina.util.SessionIdGenerator createSecureRandom
信息: Creation of SecureRandom instance for session ID generation using [SHA1PRNG] took [493] milliseconds.
二月 26, 2021 11:37:13 下午 org.apache.catalina.startup.HostConfig deployDirectory
信息: Deployment of web application directory C:\docsysRel\docsys\tomcat\webapps\docSys.ini has finished in 933 ms
二月 26, 2021 11:37:13 下午 org.apache.catalina.startup.HostConfig deployDirectory
信息: Deploying web application directory C:\docsysRel\docsys\tomcat\webapps\DocSystem
二月 26, 2021 11:37:13 下午 org.apache.catalina.startup.Catalina stopServer
严重: Could not contact localhost:8035. Tomcat may not be running.
二月 26, 2021 11:37:13 下午 org.apache.catalina.startup.Catalina stopServer
严重: Catalina.stop: 
java.net.ConnectException: Connection refused: connect
	at java.net.DualStackPlainSocketImpl.connect0(Native Method)
	at java.net.DualStackPlainSocketImpl.socketConnect(Unknown Source)
	at java.net.AbstractPlainSocketImpl.doConnect(Unknown Source)
	at java.net.AbstractPlainSocketImpl.connectToAddress(Unknown Source)
	at java.net.AbstractPlainSocketImpl.connect(Unknown Source)
	at java.net.PlainSocketImpl.connect(Unknown Source)
	at java.net.SocksSocketImpl.connect(Unknown Source)
	at java.net.Socket.connect(Unknown Source)
	at java.net.Socket.connect(Unknown Source)
	at java.net.Socket.<init>(Unknown Source)
	at java.net.Socket.<init>(Unknown Source)
	at org.apache.catalina.startup.Catalina.stopServer(Catalina.java:498)
	at sun.reflect.NativeMethodAccessorImpl.invoke0(Native Method)
	at sun.reflect.NativeMethodAccessorImpl.invoke(Unknown Source)
	at sun.reflect.DelegatingMethodAccessorImpl.invoke(Unknown Source)
	at java.lang.reflect.Method.invoke(Unknown Source)
	at org.apache.catalina.startup.Bootstrap.stopServer(Bootstrap.java:370)
	at org.apache.catalina.startup.Bootstrap.main(Bootstrap.java:457)

二月 26, 2021 11:37:13 下午 org.apache.catalina.loader.WebappClassLoader validateJarFile
信息: validateJarFile(C:\docsysRel\docsys\tomcat\webapps\DocSystem\WEB-INF\lib\servlet-api-3.0-alpha-1.jar) - jar not loaded. See Servlet Spec 3.0, section 10.7.2. Offending class: javax/servlet/Servlet.class
二月 26, 2021 11:37:15 下午 org.apache.catalina.startup.ContextConfig processAnnotationsJar
严重: Unable to process Jar entry [module-info.class] from Jar [jar:file:/C:/docsysRel/docsys/tomcat/webapps/DocSystem/WEB-INF/lib/jaxb-api-2.3.0.jar!/] for annotations
org.apache.tomcat.util.bcel.classfile.ClassFormatException: Invalid byte tag in constant pool: 19
	at org.apache.tomcat.util.bcel.classfile.Constant.readConstant(Constant.java:97)
	at org.apache.tomcat.util.bcel.classfile.ConstantPool.<init>(ConstantPool.java:55)
	at org.apache.tomcat.util.bcel.classfile.ClassParser.readConstantPool(ClassParser.java:175)
	at org.apache.tomcat.util.bcel.classfile.ClassParser.parse(ClassParser.java:83)
	at org.apache.catalina.startup.ContextConfig.processAnnotationsStream(ContextConfig.java:2071)
	at org.apache.catalina.startup.ContextConfig.processAnnotationsJar(ContextConfig.java:1947)
	at org.apache.catalina.startup.ContextConfig.processAnnotationsUrl(ContextConfig.java:1913)
	at org.apache.catalina.startup.ContextConfig.processAnnotations(ContextConfig.java:1898)
	at org.apache.catalina.startup.ContextConfig.webConfig(ContextConfig.java:1330)
	at org.apache.catalina.startup.ContextConfig.configureStart(ContextConfig.java:889)
	at org.apache.catalina.startup.ContextConfig.lifecycleEvent(ContextConfig.java:386)
	at org.apache.catalina.util.LifecycleSupport.fireLifecycleEvent(LifecycleSupport.java:117)
	at org.apache.catalina.util.LifecycleBase.fireLifecycleEvent(LifecycleBase.java:90)
	at org.apache.catalina.core.StandardContext.startInternal(StandardContext.java:5380)
	at org.apache.catalina.util.LifecycleBase.start(LifecycleBase.java:150)
	at org.apache.catalina.core.ContainerBase.addChildInternal(ContainerBase.java:901)
	at org.apache.catalina.core.ContainerBase.addChild(ContainerBase.java:877)
	at org.apache.catalina.core.StandardHost.addChild(StandardHost.java:649)
	at org.apache.catalina.startup.HostConfig.deployDirectory(HostConfig.java:1247)
	at org.apache.catalina.startup.HostConfig$DeployDirectory.run(HostConfig.java:1897)
	at java.util.concurrent.Executors$RunnableAdapter.call(Unknown Source)
	at java.util.concurrent.FutureTask.run(Unknown Source)
	at java.util.concurrent.ThreadPoolExecutor.runWorker(Unknown Source)
	at java.util.concurrent.ThreadPoolExecutor$Worker.run(Unknown Source)
	at java.lang.Thread.run(Unknown Source)

二月 26, 2021 11:37:30 下午 org.apache.catalina.startup.HostConfig deployDirectory
信息: Deployment of web application directory C:\docsysRel\docsys\tomcat\webapps\DocSystem has finished in 17,062 ms
二月 26, 2021 11:37:30 下午 org.apache.coyote.AbstractProtocol start
信息: Starting ProtocolHandler ["http-bio-8100"]
二月 26, 2021 11:37:30 下午 org.apache.coyote.AbstractProtocol start
信息: Starting ProtocolHandler ["ajp-bio-8029"]
二月 26, 2021 11:37:30 下午 org.apache.catalina.startup.Catalina start
信息: Server startup in 18092 ms
二月 26, 2021 11:39:30 下午 org.apache.catalina.core.AprLifecycleListener init
信息: The APR based Apache Tomcat Native library which allows optimal performance in production environments was not found on the java.library.path: C:\docsysRel\docsys\tomcat\java\jre1.8.0_162\bin;C:\WINDOWS\Sun\Java\bin;C:\WINDOWS\system32;C:\WINDOWS;C:\Program Files (x86)\Common Files\Oracle\Java\javapath;C:\WINDOWS\system32;C:\WINDOWS;C:\WINDOWS\System32\Wbem;C:\WINDOWS\System32\WindowsPowerShell\v1.0\;C:\Program Files (x86)\SafeCom\SafeComPrintClient;C:\WINDOWS\System32\OpenSSH\;C:\Program Files (x86)\Webex\Webex\Applications;C:\Program Files\PuTTY\;C:\Program Files\Git\cmd;C:\Program Files\TortoiseGit\bin;%MAVEN_HOME%\bin\;C:\Program Files (x86)\Sennheiser\SenncomSDK\;C:\Users\ragao\AppData\Local\Microsoft\WindowsApps;C:\Users\ragao\AppData\Local\Programs\Microsoft VS Code\bin;C:\Program Files\erl10.3\bin;C:\Program Files\RabbitMQ Server\rabbitmq_server-3.7.14\sbin;C:\Python27;;.
二月 26, 2021 11:39:30 下午 org.apache.coyote.AbstractProtocol init
信息: Initializing ProtocolHandler ["http-bio-8100"]
二月 26, 2021 11:39:30 下午 org.apache.coyote.AbstractProtocol init
信息: Initializing ProtocolHandler ["ajp-bio-8029"]
二月 26, 2021 11:39:30 下午 org.apache.catalina.startup.Catalina load
信息: Initialization processed in 1017 ms
二月 26, 2021 11:39:30 下午 org.apache.catalina.core.StandardService startInternal
信息: Starting service Catalina
二月 26, 2021 11:39:30 下午 org.apache.catalina.core.StandardEngine startInternal
信息: Starting Servlet Engine: Apache Tomcat/7.0.56
二月 26, 2021 11:39:30 下午 org.apache.catalina.startup.HostConfig deployDirectory
信息: Deploying web application directory C:\docsysRel\docsys\tomcat\webapps\docSys.ini
二月 26, 2021 11:39:31 下午 org.apache.catalina.util.SessionIdGenerator createSecureRandom
信息: Creation of SecureRandom instance for session ID generation using [SHA1PRNG] took [492] milliseconds.
二月 26, 2021 11:39:31 下午 org.apache.catalina.startup.HostConfig deployDirectory
信息: Deployment of web application directory C:\docsysRel\docsys\tomcat\webapps\docSys.ini has finished in 915 ms
二月 26, 2021 11:39:31 下午 org.apache.catalina.startup.HostConfig deployDirectory
信息: Deploying web application directory C:\docsysRel\docsys\tomcat\webapps\DocSystem
二月 26, 2021 11:39:32 下午 org.apache.catalina.loader.WebappClassLoader validateJarFile
信息: validateJarFile(C:\docsysRel\docsys\tomcat\webapps\DocSystem\WEB-INF\lib\servlet-api-3.0-alpha-1.jar) - jar not loaded. See Servlet Spec 3.0, section 10.7.2. Offending class: javax/servlet/Servlet.class
二月 26, 2021 11:39:35 下午 org.apache.catalina.startup.ContextConfig processAnnotationsJar
严重: Unable to process Jar entry [module-info.class] from Jar [jar:file:/C:/docsysRel/docsys/tomcat/webapps/DocSystem/WEB-INF/lib/jaxb-api-2.3.0.jar!/] for annotations
org.apache.tomcat.util.bcel.classfile.ClassFormatException: Invalid byte tag in constant pool: 19
	at org.apache.tomcat.util.bcel.classfile.Constant.readConstant(Constant.java:97)
	at org.apache.tomcat.util.bcel.classfile.ConstantPool.<init>(ConstantPool.java:55)
	at org.apache.tomcat.util.bcel.classfile.ClassParser.readConstantPool(ClassParser.java:175)
	at org.apache.tomcat.util.bcel.classfile.ClassParser.parse(ClassParser.java:83)
	at org.apache.catalina.startup.ContextConfig.processAnnotationsStream(ContextConfig.java:2071)
	at org.apache.catalina.startup.ContextConfig.processAnnotationsJar(ContextConfig.java:1947)
	at org.apache.catalina.startup.ContextConfig.processAnnotationsUrl(ContextConfig.java:1913)
	at org.apache.catalina.startup.ContextConfig.processAnnotations(ContextConfig.java:1898)
	at org.apache.catalina.startup.ContextConfig.webConfig(ContextConfig.java:1330)
	at org.apache.catalina.startup.ContextConfig.configureStart(ContextConfig.java:889)
	at org.apache.catalina.startup.ContextConfig.lifecycleEvent(ContextConfig.java:386)
	at org.apache.catalina.util.LifecycleSupport.fireLifecycleEvent(LifecycleSupport.java:117)
	at org.apache.catalina.util.LifecycleBase.fireLifecycleEvent(LifecycleBase.java:90)
	at org.apache.catalina.core.StandardContext.startInternal(StandardContext.java:5380)
	at org.apache.catalina.util.LifecycleBase.start(LifecycleBase.java:150)
	at org.apache.catalina.core.ContainerBase.addChildInternal(ContainerBase.java:901)
	at org.apache.catalina.core.ContainerBase.addChild(ContainerBase.java:877)
	at org.apache.catalina.core.StandardHost.addChild(StandardHost.java:649)
	at org.apache.catalina.startup.HostConfig.deployDirectory(HostConfig.java:1247)
	at org.apache.catalina.startup.HostConfig$DeployDirectory.run(HostConfig.java:1897)
	at java.util.concurrent.Executors$RunnableAdapter.call(Unknown Source)
	at java.util.concurrent.FutureTask.run(Unknown Source)
	at java.util.concurrent.ThreadPoolExecutor.runWorker(Unknown Source)
	at java.util.concurrent.ThreadPoolExecutor$Worker.run(Unknown Source)
	at java.lang.Thread.run(Unknown Source)

二月 26, 2021 11:39:47 下午 org.apache.catalina.startup.HostConfig deployDirectory
信息: Deployment of web application directory C:\docsysRel\docsys\tomcat\webapps\DocSystem has finished in 15,363 ms
二月 26, 2021 11:39:47 下午 org.apache.coyote.AbstractProtocol start
信息: Starting ProtocolHandler ["http-bio-8100"]
二月 26, 2021 11:39:47 下午 org.apache.coyote.AbstractProtocol start
信息: Starting ProtocolHandler ["ajp-bio-8029"]
二月 26, 2021 11:39:47 下午 org.apache.catalina.startup.Catalina start
信息: Server startup in 16503 ms
二月 26, 2021 11:40:16 下午 org.apache.catalina.core.AprLifecycleListener init
信息: The APR based Apache Tomcat Native library which allows optimal performance in production environments was not found on the java.library.path: C:\docsysRel\docsys\tomcat\java\jre1.8.0_162\bin;C:\WINDOWS\Sun\Java\bin;C:\WINDOWS\system32;C:\WINDOWS;C:\Program Files (x86)\Common Files\Oracle\Java\javapath;C:\WINDOWS\system32;C:\WINDOWS;C:\WINDOWS\System32\Wbem;C:\WINDOWS\System32\WindowsPowerShell\v1.0\;C:\Program Files (x86)\SafeCom\SafeComPrintClient;C:\WINDOWS\System32\OpenSSH\;C:\Program Files (x86)\Webex\Webex\Applications;C:\Program Files\PuTTY\;C:\Program Files\Git\cmd;C:\Program Files\TortoiseGit\bin;%MAVEN_HOME%\bin\;C:\Program Files (x86)\Sennheiser\SenncomSDK\;C:\Users\ragao\AppData\Local\Microsoft\WindowsApps;C:\Users\ragao\AppData\Local\Programs\Microsoft VS Code\bin;C:\Program Files\erl10.3\bin;C:\Program Files\RabbitMQ Server\rabbitmq_server-3.7.14\sbin;C:\Python27;;.
二月 26, 2021 11:40:17 下午 org.apache.coyote.AbstractProtocol init
信息: Initializing ProtocolHandler ["http-bio-8100"]
二月 26, 2021 11:40:17 下午 org.apache.coyote.AbstractProtocol init
信息: Initializing ProtocolHandler ["ajp-bio-8029"]
二月 26, 2021 11:40:17 下午 org.apache.catalina.startup.Catalina load
信息: Initialization processed in 1001 ms
二月 26, 2021 11:40:17 下午 org.apache.catalina.core.StandardService startInternal
信息: Starting service Catalina
二月 26, 2021 11:40:17 下午 org.apache.catalina.core.StandardEngine startInternal
信息: Starting Servlet Engine: Apache Tomcat/7.0.56
二月 26, 2021 11:40:17 下午 org.apache.catalina.startup.HostConfig deployDirectory
信息: Deploying web application directory C:\docsysRel\docsys\tomcat\webapps\docSys.ini
二月 26, 2021 11:40:18 下午 org.apache.catalina.util.SessionIdGenerator createSecureRandom
信息: Creation of SecureRandom instance for session ID generation using [SHA1PRNG] took [485] milliseconds.
二月 26, 2021 11:40:18 下午 org.apache.catalina.startup.HostConfig deployDirectory
信息: Deployment of web application directory C:\docsysRel\docsys\tomcat\webapps\docSys.ini has finished in 904 ms
二月 26, 2021 11:40:18 下午 org.apache.catalina.startup.HostConfig deployDirectory
信息: Deploying web application directory C:\docsysRel\docsys\tomcat\webapps\DocSystem
二月 26, 2021 11:40:18 下午 org.apache.catalina.loader.WebappClassLoader validateJarFile
信息: validateJarFile(C:\docsysRel\docsys\tomcat\webapps\DocSystem\WEB-INF\lib\servlet-api-3.0-alpha-1.jar) - jar not loaded. See Servlet Spec 3.0, section 10.7.2. Offending class: javax/servlet/Servlet.class
二月 26, 2021 11:40:19 下午 org.apache.catalina.startup.ContextConfig processAnnotationsJar
严重: Unable to process Jar entry [module-info.class] from Jar [jar:file:/C:/docsysRel/docsys/tomcat/webapps/DocSystem/WEB-INF/lib/jaxb-api-2.3.0.jar!/] for annotations
org.apache.tomcat.util.bcel.classfile.ClassFormatException: Invalid byte tag in constant pool: 19
	at org.apache.tomcat.util.bcel.classfile.Constant.readConstant(Constant.java:97)
	at org.apache.tomcat.util.bcel.classfile.ConstantPool.<init>(ConstantPool.java:55)
	at org.apache.tomcat.util.bcel.classfile.ClassParser.readConstantPool(ClassParser.java:175)
	at org.apache.tomcat.util.bcel.classfile.ClassParser.parse(ClassParser.java:83)
	at org.apache.catalina.startup.ContextConfig.processAnnotationsStream(ContextConfig.java:2071)
	at org.apache.catalina.startup.ContextConfig.processAnnotationsJar(ContextConfig.java:1947)
	at org.apache.catalina.startup.ContextConfig.processAnnotationsUrl(ContextConfig.java:1913)
	at org.apache.catalina.startup.ContextConfig.processAnnotations(ContextConfig.java:1898)
	at org.apache.catalina.startup.ContextConfig.webConfig(ContextConfig.java:1330)
	at org.apache.catalina.startup.ContextConfig.configureStart(ContextConfig.java:889)
	at org.apache.catalina.startup.ContextConfig.lifecycleEvent(ContextConfig.java:386)
	at org.apache.catalina.util.LifecycleSupport.fireLifecycleEvent(LifecycleSupport.java:117)
	at org.apache.catalina.util.LifecycleBase.fireLifecycleEvent(LifecycleBase.java:90)
	at org.apache.catalina.core.StandardContext.startInternal(StandardContext.java:5380)
	at org.apache.catalina.util.LifecycleBase.start(LifecycleBase.java:150)
	at org.apache.catalina.core.ContainerBase.addChildInternal(ContainerBase.java:901)
	at org.apache.catalina.core.ContainerBase.addChild(ContainerBase.java:877)
	at org.apache.catalina.core.StandardHost.addChild(StandardHost.java:649)
	at org.apache.catalina.startup.HostConfig.deployDirectory(HostConfig.java:1247)
	at org.apache.catalina.startup.HostConfig$DeployDirectory.run(HostConfig.java:1897)
	at java.util.concurrent.Executors$RunnableAdapter.call(Unknown Source)
	at java.util.concurrent.FutureTask.run(Unknown Source)
	at java.util.concurrent.ThreadPoolExecutor.runWorker(Unknown Source)
	at java.util.concurrent.ThreadPoolExecutor$Worker.run(Unknown Source)
	at java.lang.Thread.run(Unknown Source)

二月 26, 2021 11:40:33 下午 org.apache.catalina.startup.HostConfig deployDirectory
信息: Deployment of web application directory C:\docsysRel\docsys\tomcat\webapps\DocSystem has finished in 15,378 ms
二月 26, 2021 11:40:33 下午 org.apache.coyote.AbstractProtocol start
信息: Starting ProtocolHandler ["http-bio-8100"]
二月 26, 2021 11:40:33 下午 org.apache.coyote.AbstractProtocol start
信息: Starting ProtocolHandler ["ajp-bio-8029"]
二月 26, 2021 11:40:33 下午 org.apache.catalina.startup.Catalina start
信息: Server startup in 16362 ms
