六月 23, 2020 11:28:41 下午 org.apache.catalina.core.ApplicationContext log
信息: No Spring WebApplicationInitializer types detected on classpath
六月 23, 2020 11:28:41 下午 org.apache.catalina.core.ApplicationContext log
信息: Initializing Spring root WebApplicationContext
六月 23, 2020 11:28:43 下午 org.apache.catalina.core.ApplicationContext log
信息: Initializing Spring FrameworkServlet 'springMvc'
六月 23, 2020 11:33:55 下午 org.apache.catalina.core.ApplicationContext log
信息: Destroying Spring FrameworkServlet 'springMvc'
六月 23, 2020 11:33:55 下午 org.apache.catalina.core.ApplicationContext log
信息: Closing Spring root WebApplicationContext
六月 23, 2020 11:34:09 下午 org.apache.catalina.core.ApplicationContext log
信息: No Spring WebApplicationInitializer types detected on classpath
六月 23, 2020 11:34:09 下午 org.apache.catalina.core.ApplicationContext log
信息: Initializing Spring root WebApplicationContext
六月 23, 2020 11:34:11 下午 org.apache.catalina.core.ApplicationContext log
信息: Initializing Spring FrameworkServlet 'springMvc'
六月 23, 2020 11:37:26 下午 org.apache.catalina.core.ApplicationContext log
信息: No Spring WebApplicationInitializer types detected on classpath
六月 23, 2020 11:37:26 下午 org.apache.catalina.core.ApplicationContext log
信息: Initializing Spring root WebApplicationContext
六月 23, 2020 11:37:28 下午 org.apache.catalina.core.ApplicationContext log
信息: Initializing Spring FrameworkServlet 'springMvc'
